e:\rahul_kumar\clusteringusingsomneuralnet\clusteringusingsom\zigbee\debug\vc140.pdb
e:\rahul_kumar\clusteringusingsomneuralnet\clusteringusingsom\zigbee\debug\vc140.idb
e:\rahul_kumar\clusteringusingsomneuralnet\clusteringusingsom\zigbee\debug\802_15_4.obj
e:\rahul_kumar\clusteringusingsomneuralnet\clusteringusingsom\zigbee\debug\agentmodel.obj
e:\rahul_kumar\clusteringusingsomneuralnet\clusteringusingsom\zigbee\debug\backoffcalculation.obj
e:\rahul_kumar\clusteringusingsomneuralnet\clusteringusingsom\zigbee\debug\bercalculation.obj
e:\rahul_kumar\clusteringusingsomneuralnet\clusteringusingsom\zigbee\debug\cca.obj
e:\rahul_kumar\clusteringusingsomneuralnet\clusteringusingsom\zigbee\debug\changeradiostate.obj
e:\rahul_kumar\clusteringusingsomneuralnet\clusteringusingsom\zigbee\debug\errorpathloss.obj
e:\rahul_kumar\clusteringusingsomneuralnet\clusteringusingsom\zigbee\debug\locatebackoffboundary.obj
e:\rahul_kumar\clusteringusingsomneuralnet\clusteringusingsom\zigbee\debug\sensor.obj
e:\rahul_kumar\clusteringusingsomneuralnet\clusteringusingsom\zigbee\debug\shadowloss.obj
e:\rahul_kumar\clusteringusingsomneuralnet\clusteringusingsom\zigbee\debug\sinrcalculation.obj
e:\rahul_kumar\clusteringusingsomneuralnet\clusteringusingsom\zigbee\debug\slottedcsmaca.obj
e:\rahul_kumar\clusteringusingsomneuralnet\clusteringusingsom\zigbee\debug\superframe.obj
e:\rahul_kumar\clusteringusingsomneuralnet\clusteringusingsom\zigbee\debug\unslottedcsmaca.obj
e:\rahul_kumar\clusteringusingsomneuralnet\clusteringusingsom\dll\libzigbee.dll
e:\rahul_kumar\clusteringusingsomneuralnet\clusteringusingsom\dll\zigbee.pdb
e:\rahul_kumar\clusteringusingsomneuralnet\clusteringusingsom\dll\zigbee.lib
e:\rahul_kumar\clusteringusingsomneuralnet\clusteringusingsom\dll\zigbee.exp
e:\rahul_kumar\clusteringusingsomneuralnet\clusteringusingsom\zigbee\debug\zigbee.tlog\cl.command.1.tlog
e:\rahul_kumar\clusteringusingsomneuralnet\clusteringusingsom\zigbee\debug\zigbee.tlog\cl.read.1.tlog
e:\rahul_kumar\clusteringusingsomneuralnet\clusteringusingsom\zigbee\debug\zigbee.tlog\cl.write.1.tlog
e:\rahul_kumar\clusteringusingsomneuralnet\clusteringusingsom\zigbee\debug\zigbee.tlog\link.command.1.tlog
e:\rahul_kumar\clusteringusingsomneuralnet\clusteringusingsom\zigbee\debug\zigbee.tlog\link.read.1.tlog
e:\rahul_kumar\clusteringusingsomneuralnet\clusteringusingsom\zigbee\debug\zigbee.tlog\link.write.1.tlog
e:\rahul_kumar\clusteringusingsomneuralnet\clusteringusingsom\zigbee\debug\zigbee.tlog\zigbee.write.1u.tlog
