C:\Program Files (x86)\MSBuild\Microsoft.Cpp\v4.0\V140\Microsoft.CppBuild.targets(368,5): warning MSB8004: Output Directory does not end with a trailing slash.  This build instance will add the slash as it is required to allow proper evaluation of the Output Directory.
  802_15_4.c
802_15_4.c(750): warning C4018: '<=': signed/unsigned mismatch
802_15_4.c(818): warning C4013: 'is_emulated_packet' undefined; assuming extern returning int
  AgentModel.c
  BackoffCalculation.c
  BERCalculation.c
  CCA.c
  ChangeRadioState.c
  ErrorPathLoss.c
  LocateBackoffBoundary.c
  Sensor.c
  ShadowLoss.c
  SINRCalculation.c
  SlottedCSMACA.c
  Superframe.c
  UnslottedCSMACA.c
C:\Program Files (x86)\MSBuild\Microsoft.Cpp\v4.0\V140\Microsoft.CppBuild.targets(1189,5): warning MSB8012: TargetPath(E:\Rahul_Kumar\Dynamic_Clustering\ZigBee\../Dll\ZigBee.dll) does not match the Linker's OutputFile property value (E:\Rahul_Kumar\Dynamic_Clustering\Dll\libZigBee.dll). This may cause your project to build incorrectly. To correct this, please make sure that $(OutDir), $(TargetName) and $(TargetExt) property values match the value specified in %(Link.OutputFile).
C:\Program Files (x86)\MSBuild\Microsoft.Cpp\v4.0\V140\Microsoft.CppBuild.targets(1191,5): warning MSB8012: TargetName(ZigBee) does not match the Linker's OutputFile property value (libZigBee). This may cause your project to build incorrectly. To correct this, please make sure that $(OutDir), $(TargetName) and $(TargetExt) property values match the value specified in %(Link.OutputFile).
     Creating library ../Dll\ZigBee.lib and object ../Dll\ZigBee.exp
  Generating code
g:\netsimbackend\9.2\simulation\zigbeelib\emulated_agent.c(315): warning C4716: 'is_emulated_packet': must return a value
  All 80 functions were compiled because no usable IPDB/IOBJ from previous compilation was found.
  Finished generating code
Zigbee.lib(802_15_4_lib.obj) : warning LNK4099: PDB 'ZigbeeLib.pdb' was not found with 'Zigbee.lib(802_15_4_lib.obj)' or at 'E:\Rahul_Kumar\Dynamic_Clustering\Dll\ZigbeeLib.pdb'; linking object as if no debug info
Zigbee.lib(emulated_agent.obj) : warning LNK4099: PDB 'ZigbeeLib.pdb' was not found with 'Zigbee.lib(emulated_agent.obj)' or at 'E:\Rahul_Kumar\Dynamic_Clustering\Dll\ZigbeeLib.pdb'; linking object as if no debug info
Zigbee.lib(Socket.obj) : warning LNK4099: PDB 'ZigbeeLib.pdb' was not found with 'Zigbee.lib(Socket.obj)' or at 'E:\Rahul_Kumar\Dynamic_Clustering\Dll\ZigbeeLib.pdb'; linking object as if no debug info
Zigbee.lib(pcapwriter.obj) : warning LNK4099: PDB 'ZigbeeLib.pdb' was not found with 'Zigbee.lib(pcapwriter.obj)' or at 'E:\Rahul_Kumar\Dynamic_Clustering\Dll\ZigbeeLib.pdb'; linking object as if no debug info
List.lib(List.obj) : warning LNK4099: PDB 'List.pdb' was not found with 'List.lib(List.obj)' or at 'E:\Rahul_Kumar\Dynamic_Clustering\Dll\List.pdb'; linking object as if no debug info
  ZigBee.vcxproj -> E:\Rahul_Kumar\Dynamic_Clustering\ZigBee\../Dll\ZigBee.dll
  ZigBee.vcxproj -> ../Dll\ZigBee.pdb (Full PDB)
