e:\rahul_kumar\dynamic_clustering\zigbee\release\vc140.pdb
e:\rahul_kumar\dynamic_clustering\zigbee\release\unslottedcsmaca.obj
e:\rahul_kumar\dynamic_clustering\zigbee\release\superframe.obj
e:\rahul_kumar\dynamic_clustering\zigbee\release\slottedcsmaca.obj
e:\rahul_kumar\dynamic_clustering\zigbee\release\sinrcalculation.obj
e:\rahul_kumar\dynamic_clustering\zigbee\release\shadowloss.obj
e:\rahul_kumar\dynamic_clustering\zigbee\release\sensor.obj
e:\rahul_kumar\dynamic_clustering\zigbee\release\locatebackoffboundary.obj
e:\rahul_kumar\dynamic_clustering\zigbee\release\errorpathloss.obj
e:\rahul_kumar\dynamic_clustering\zigbee\release\changeradiostate.obj
e:\rahul_kumar\dynamic_clustering\zigbee\release\cca.obj
e:\rahul_kumar\dynamic_clustering\zigbee\release\bercalculation.obj
e:\rahul_kumar\dynamic_clustering\zigbee\release\backoffcalculation.obj
e:\rahul_kumar\dynamic_clustering\zigbee\release\agentmodel.obj
e:\rahul_kumar\dynamic_clustering\zigbee\release\802_15_4.obj
e:\rahul_kumar\dynamic_clustering\dll\libzigbee.dll
e:\rahul_kumar\dynamic_clustering\dll\libzigbee.ipdb
e:\rahul_kumar\dynamic_clustering\dll\libzigbee.iobj
e:\rahul_kumar\dynamic_clustering\dll\zigbee.pdb
e:\rahul_kumar\dynamic_clustering\dll\zigbee.lib
e:\rahul_kumar\dynamic_clustering\dll\zigbee.exp
e:\rahul_kumar\dynamic_clustering\zigbee\release\zigbee.tlog\cl.command.1.tlog
e:\rahul_kumar\dynamic_clustering\zigbee\release\zigbee.tlog\cl.read.1.tlog
e:\rahul_kumar\dynamic_clustering\zigbee\release\zigbee.tlog\cl.write.1.tlog
e:\rahul_kumar\dynamic_clustering\zigbee\release\zigbee.tlog\link.command.1.tlog
e:\rahul_kumar\dynamic_clustering\zigbee\release\zigbee.tlog\link.read.1.tlog
e:\rahul_kumar\dynamic_clustering\zigbee\release\zigbee.tlog\link.write.1.tlog
e:\rahul_kumar\dynamic_clustering\zigbee\release\zigbee.tlog\zigbee.write.1u.tlog
