e:\rahul_kumar\clusteringusingsomneuralnet\clusteringusingsom\dsr\debug\vc140.pdb
e:\rahul_kumar\clusteringusingsomneuralnet\clusteringusingsom\dsr\debug\vc140.idb
e:\rahul_kumar\clusteringusingsomneuralnet\clusteringusingsom\dsr\debug\checkroutefound.obj
e:\rahul_kumar\clusteringusingsomneuralnet\clusteringusingsom\dsr\debug\dsr.obj
e:\rahul_kumar\clusteringusingsomneuralnet\clusteringusingsom\dsr\debug\maintbuffer.obj
e:\rahul_kumar\clusteringusingsomneuralnet\clusteringusingsom\dsr\debug\matlab_interface.obj
e:\rahul_kumar\clusteringusingsomneuralnet\clusteringusingsom\dsr\debug\network_layer_ack.obj
e:\rahul_kumar\clusteringusingsomneuralnet\clusteringusingsom\dsr\debug\packetprocessing.obj
e:\rahul_kumar\clusteringusingsomneuralnet\clusteringusingsom\dsr\debug\routecache.obj
e:\rahul_kumar\clusteringusingsomneuralnet\clusteringusingsom\dsr\debug\routeerror.obj
e:\rahul_kumar\clusteringusingsomneuralnet\clusteringusingsom\dsr\debug\routereply.obj
e:\rahul_kumar\clusteringusingsomneuralnet\clusteringusingsom\dsr\debug\routerequest.obj
e:\rahul_kumar\clusteringusingsomneuralnet\clusteringusingsom\dsr\debug\sendbuffer.obj
e:\rahul_kumar\clusteringusingsomneuralnet\clusteringusingsom\dsr\debug\som_clustering.obj
e:\rahul_kumar\clusteringusingsomneuralnet\clusteringusingsom\dsr\debug\sourceroute.obj
e:\rahul_kumar\clusteringusingsomneuralnet\clusteringusingsom\dll\dsr.lib
e:\rahul_kumar\clusteringusingsomneuralnet\clusteringusingsom\dll\dsr.exp
e:\rahul_kumar\clusteringusingsomneuralnet\clusteringusingsom\dll\libdsr.dll
e:\rahul_kumar\clusteringusingsomneuralnet\clusteringusingsom\dll\dsr.pdb
e:\rahul_kumar\clusteringusingsomneuralnet\clusteringusingsom\dsr\debug\dsr.tlog\cl.command.1.tlog
e:\rahul_kumar\clusteringusingsomneuralnet\clusteringusingsom\dsr\debug\dsr.tlog\cl.read.1.tlog
e:\rahul_kumar\clusteringusingsomneuralnet\clusteringusingsom\dsr\debug\dsr.tlog\cl.write.1.tlog
e:\rahul_kumar\clusteringusingsomneuralnet\clusteringusingsom\dsr\debug\dsr.tlog\dsr.write.1u.tlog
e:\rahul_kumar\clusteringusingsomneuralnet\clusteringusingsom\dsr\debug\dsr.tlog\link.command.1.tlog
e:\rahul_kumar\clusteringusingsomneuralnet\clusteringusingsom\dsr\debug\dsr.tlog\link.read.1.tlog
e:\rahul_kumar\clusteringusingsomneuralnet\clusteringusingsom\dsr\debug\dsr.tlog\link.write.1.tlog
