  CheckRouteFound.c
CheckRouteFound.c(14): fatal error C1083: Cannot open include file: 'main.h': No such file or directory
  DSR.c
DSR.c(14): fatal error C1083: Cannot open include file: 'main.h': No such file or directory
  Dynamic_Clustering.c
Dynamic_Clustering.c(28): fatal error C1083: Cannot open include file: 'main.h': No such file or directory
  MaintBuffer.c
MaintBuffer.c(14): fatal error C1083: Cannot open include file: 'main.h': No such file or directory
  MATLAB_Interface.c
MATLAB_Interface.c(11): fatal error C1083: Cannot open include file: 'engine.h': No such file or directory
  Network_Layer_Ack.c
Network_Layer_Ack.c(14): fatal error C1083: Cannot open include file: 'main.h': No such file or directory
  PacketProcessing.c
PacketProcessing.c(14): fatal error C1083: Cannot open include file: 'main.h': No such file or directory
  RouteCache.c
RouteCache.c(14): fatal error C1083: Cannot open include file: 'main.h': No such file or directory
  RouteError.c
RouteError.c(14): fatal error C1083: Cannot open include file: 'main.h': No such file or directory
  RouteReply.c
RouteReply.c(14): fatal error C1083: Cannot open include file: 'main.h': No such file or directory
  RouteRequest.c
RouteRequest.c(14): fatal error C1083: Cannot open include file: 'main.h': No such file or directory
  SendBuffer.c
SendBuffer.c(14): fatal error C1083: Cannot open include file: 'main.h': No such file or directory
  SourceRoute.c
SourceRoute.c(14): fatal error C1083: Cannot open include file: 'main.h': No such file or directory
